<?xml version="1.0" encoding="UTF-8"?>
<testng-results ignored="0" total="1" passed="1" failed="0" skipped="0">
  <reporter-output>
  </reporter-output>
  <suite started-at="2026-03-22T10:18:26 IST" name="Surefire suite" finished-at="2026-03-22T10:18:35 IST" duration-ms="9110">
    <groups>
    </groups>
    <test started-at="2026-03-22T10:18:26 IST" name="Surefire test" finished-at="2026-03-22T10:18:35 IST" duration-ms="9110">
      <class name="com.JenkinsTest.GoogleTest">
        <test-method is-config="true" signature="setup()[pri:0, instance:com.JenkinsTest.GoogleTest@64cd705f]" started-at="2026-03-22T10:18:26 IST" name="setup" finished-at="2026-03-22T10:18:32 IST" duration-ms="6498" status="PASS">
          <reporter-output>
          </reporter-output>
        </test-method> <!-- setup -->
        <test-method signature="login()[pri:0, instance:com.JenkinsTest.GoogleTest@64cd705f]" started-at="2026-03-22T10:18:32 IST" name="login" finished-at="2026-03-22T10:18:34 IST" duration-ms="2207" status="PASS">
          <reporter-output>
          </reporter-output>
        </test-method> <!-- login -->
        <test-method is-config="true" signature="teardown()[pri:0, instance:com.JenkinsTest.GoogleTest@64cd705f]" started-at="2026-03-22T10:18:34 IST" name="teardown" finished-at="2026-03-22T10:18:35 IST" duration-ms="343" status="PASS">
          <reporter-output>
          </reporter-output>
        </test-method> <!-- teardown -->
      </class> <!-- com.JenkinsTest.GoogleTest -->
    </test> <!-- Surefire test -->
  </suite> <!-- Surefire suite -->
</testng-results>
