<?xml version="1.0" encoding="UTF-8"?>
<testng-results ignored="0" total="1" passed="1" failed="0" skipped="0">
  <reporter-output>
  </reporter-output>
  <suite started-at="2026-03-22T16:09:44 IST" name="Suite" finished-at="2026-03-22T16:09:51 IST" duration-ms="7384">
    <groups>
    </groups>
    <test started-at="2026-03-22T16:09:44 IST" name="Test" finished-at="2026-03-22T16:09:51 IST" duration-ms="7384">
      <class name="com.JenkinsTest.GoogleTest">
        <test-method is-config="true" signature="setup()[pri:0, instance:com.JenkinsTest.GoogleTest@72d1ad2e]" started-at="2026-03-22T16:09:44 IST" name="setup" finished-at="2026-03-22T16:09:48 IST" duration-ms="4222" status="PASS">
          <reporter-output>
          </reporter-output>
        </test-method> <!-- setup -->
        <test-method signature="login()[pri:0, instance:com.JenkinsTest.GoogleTest@72d1ad2e]" started-at="2026-03-22T16:09:48 IST" name="login" finished-at="2026-03-22T16:09:51 IST" duration-ms="2716" status="PASS">
          <reporter-output>
          </reporter-output>
        </test-method> <!-- login -->
        <test-method is-config="true" signature="teardown()[pri:0, instance:com.JenkinsTest.GoogleTest@72d1ad2e]" started-at="2026-03-22T16:09:51 IST" name="teardown" finished-at="2026-03-22T16:09:51 IST" duration-ms="361" status="PASS">
          <reporter-output>
          </reporter-output>
        </test-method> <!-- teardown -->
      </class> <!-- com.JenkinsTest.GoogleTest -->
    </test> <!-- Test -->
  </suite> <!-- Suite -->
</testng-results>
