<?xml version="1.0" encoding="UTF-8"?>
<testng-results ignored="0" total="1" passed="1" failed="0" skipped="0">
  <reporter-output>
  </reporter-output>
  <suite started-at="2026-03-22T10:00:10 IST" name="Suite" finished-at="2026-03-22T10:00:19 IST" duration-ms="9672">
    <groups>
    </groups>
    <test started-at="2026-03-22T10:00:10 IST" name="Test" finished-at="2026-03-22T10:00:19 IST" duration-ms="9672">
      <class name="com.JenkinsTest.Google">
        <test-method is-config="true" signature="setup()[pri:0, instance:com.JenkinsTest.Google@6743e411]" started-at="2026-03-22T10:00:10 IST" name="setup" finished-at="2026-03-22T10:00:12 IST" duration-ms="2239" status="PASS">
          <reporter-output>
          </reporter-output>
        </test-method> <!-- setup -->
        <test-method signature="login()[pri:0, instance:com.JenkinsTest.Google@6743e411]" started-at="2026-03-22T10:00:12 IST" name="login" finished-at="2026-03-22T10:00:19 IST" duration-ms="7000" status="PASS">
          <reporter-output>
          </reporter-output>
        </test-method> <!-- login -->
        <test-method is-config="true" signature="teardown()[pri:0, instance:com.JenkinsTest.Google@6743e411]" started-at="2026-03-22T10:00:19 IST" name="teardown" finished-at="2026-03-22T10:00:19 IST" duration-ms="336" status="PASS">
          <reporter-output>
          </reporter-output>
        </test-method> <!-- teardown -->
      </class> <!-- com.JenkinsTest.Google -->
    </test> <!-- Test -->
  </suite> <!-- Suite -->
</testng-results>
