<?xml version="1.0" encoding="UTF-8"?>
<testng-results ignored="0" total="1" passed="1" failed="0" skipped="0">
  <reporter-output>
  </reporter-output>
  <suite started-at="2026-03-23T12:52:00 IST" name="Suite" finished-at="2026-03-23T12:52:10 IST" duration-ms="9763">
    <groups>
    </groups>
    <test started-at="2026-03-23T12:52:00 IST" name="Test" finished-at="2026-03-23T12:52:10 IST" duration-ms="9763">
      <class name="com.JenkinsTest.GoogleTest">
        <test-method is-config="true" signature="setup()[pri:0, instance:com.JenkinsTest.GoogleTest@6743e411]" started-at="2026-03-23T12:52:00 IST" name="setup" finished-at="2026-03-23T12:52:07 IST" duration-ms="6843" status="PASS">
          <reporter-output>
          </reporter-output>
        </test-method> <!-- setup -->
        <test-method signature="login()[pri:0, instance:com.JenkinsTest.GoogleTest@6743e411]" started-at="2026-03-23T12:52:07 IST" name="login" finished-at="2026-03-23T12:52:09 IST" duration-ms="2160" status="PASS">
          <reporter-output>
          </reporter-output>
        </test-method> <!-- login -->
        <test-method is-config="true" signature="teardown()[pri:0, instance:com.JenkinsTest.GoogleTest@6743e411]" started-at="2026-03-23T12:52:09 IST" name="teardown" finished-at="2026-03-23T12:52:10 IST" duration-ms="581" status="PASS">
          <reporter-output>
          </reporter-output>
        </test-method> <!-- teardown -->
      </class> <!-- com.JenkinsTest.GoogleTest -->
    </test> <!-- Test -->
  </suite> <!-- Suite -->
</testng-results>
